[2025-03-21 11:29:20] production.ERROR: Please provide a valid cache path. {"exception":"[object] (InvalidArgumentException(code: 0): Please provide a valid cache path. at /home/gustavo/trabajo/laravel/testing_package/packages/gdelgado/quotes/vendor/laravel/framework/src/Illuminate/View/Compilers/Compiler.php:67)
[stacktrace]
#0 /home/gustavo/trabajo/laravel/testing_package/packages/gdelgado/quotes/vendor/laravel/framework/src/Illuminate/View/ViewServiceProvider.php(97): Illuminate\\View\\Compilers\\Compiler->__construct()
#1 /home/gustavo/trabajo/laravel/testing_package/packages/gdelgado/quotes/vendor/laravel/framework/src/Illuminate/Container/Container.php(1010): Illuminate\\View\\ViewServiceProvider->Illuminate\\View\\{closure}()
#2 /home/gustavo/trabajo/laravel/testing_package/packages/gdelgado/quotes/vendor/laravel/framework/src/Illuminate/Container/Container.php(890): Illuminate\\Container\\Container->build()
#3 /home/gustavo/trabajo/laravel/testing_package/packages/gdelgado/quotes/vendor/laravel/framework/src/Illuminate/Foundation/Application.php(1077): Illuminate\\Container\\Container->resolve()
#4 /home/gustavo/trabajo/laravel/testing_package/packages/gdelgado/quotes/vendor/laravel/framework/src/Illuminate/Container/Container.php(821): Illuminate\\Foundation\\Application->resolve()
#5 /home/gustavo/trabajo/laravel/testing_package/packages/gdelgado/quotes/vendor/laravel/framework/src/Illuminate/Foundation/Application.php(1057): Illuminate\\Container\\Container->make()
#6 /home/gustavo/trabajo/laravel/testing_package/packages/gdelgado/quotes/vendor/laravel/framework/src/Illuminate/View/ViewServiceProvider.php(168): Illuminate\\Foundation\\Application->make()
#7 [internal function]: Illuminate\\View\\ViewServiceProvider->Illuminate\\View\\{closure}()
#8 /home/gustavo/trabajo/laravel/testing_package/packages/gdelgado/quotes/vendor/laravel/framework/src/Illuminate/View/Engines/EngineResolver.php(55): call_user_func()
#9 /home/gustavo/trabajo/laravel/testing_package/packages/gdelgado/quotes/vendor/laravel/framework/src/Illuminate/View/Factory.php(325): Illuminate\\View\\Engines\\EngineResolver->resolve()
#10 /home/gustavo/trabajo/laravel/testing_package/packages/gdelgado/quotes/vendor/laravel/framework/src/Illuminate/View/Factory.php(287): Illuminate\\View\\Factory->getEngineFromPath()
#11 /home/gustavo/trabajo/laravel/testing_package/packages/gdelgado/quotes/vendor/laravel/framework/src/Illuminate/View/Factory.php(159): Illuminate\\View\\Factory->viewInstance()
#12 /home/gustavo/trabajo/laravel/testing_package/packages/gdelgado/quotes/vendor/laravel/framework/src/Illuminate/Routing/ResponseFactory.php(90): Illuminate\\View\\Factory->make()
#13 /home/gustavo/trabajo/laravel/testing_package/packages/gdelgado/quotes/vendor/laravel/framework/src/Illuminate/Foundation/Exceptions/Handler.php(897): Illuminate\\Routing\\ResponseFactory->view()
#14 /home/gustavo/trabajo/laravel/testing_package/packages/gdelgado/quotes/vendor/laravel/framework/src/Illuminate/Foundation/Exceptions/Handler.php(818): Illuminate\\Foundation\\Exceptions\\Handler->renderHttpException()
#15 /home/gustavo/trabajo/laravel/testing_package/packages/gdelgado/quotes/vendor/laravel/framework/src/Illuminate/Foundation/Exceptions/Handler.php(709): Illuminate\\Foundation\\Exceptions\\Handler->prepareResponse()
#16 /home/gustavo/trabajo/laravel/testing_package/packages/gdelgado/quotes/vendor/laravel/framework/src/Illuminate/Foundation/Exceptions/Handler.php(597): Illuminate\\Foundation\\Exceptions\\Handler->renderExceptionResponse()
#17 /home/gustavo/trabajo/laravel/testing_package/packages/gdelgado/quotes/vendor/laravel/framework/src/Illuminate/Routing/Pipeline.php(51): Illuminate\\Foundation\\Exceptions\\Handler->render()
#18 /home/gustavo/trabajo/laravel/testing_package/packages/gdelgado/quotes/vendor/laravel/framework/src/Illuminate/Pipeline/Pipeline.php(171): Illuminate\\Routing\\Pipeline->handleException()
#19 /home/gustavo/trabajo/laravel/testing_package/packages/gdelgado/quotes/vendor/laravel/framework/src/Illuminate/Foundation/Http/Middleware/TransformsRequest.php(21): Illuminate\\Pipeline\\Pipeline->Illuminate\\Pipeline\\{closure}()
#20 /home/gustavo/trabajo/laravel/testing_package/packages/gdelgado/quotes/vendor/laravel/framework/src/Illuminate/Foundation/Http/Middleware/ConvertEmptyStringsToNull.php(31): Illuminate\\Foundation\\Http\\Middleware\\TransformsRequest->handle()
#21 /home/gustavo/trabajo/laravel/testing_package/packages/gdelgado/quotes/vendor/laravel/framework/src/Illuminate/Pipeline/Pipeline.php(208): Illuminate\\Foundation\\Http\\Middleware\\ConvertEmptyStringsToNull->handle()
#22 /home/gustavo/trabajo/laravel/testing_package/packages/gdelgado/quotes/vendor/laravel/framework/src/Illuminate/Foundation/Http/Middleware/TransformsRequest.php(21): Illuminate\\Pipeline\\Pipeline->Illuminate\\Pipeline\\{closure}()
#23 /home/gustavo/trabajo/laravel/testing_package/packages/gdelgado/quotes/vendor/laravel/framework/src/Illuminate/Foundation/Http/Middleware/TrimStrings.php(51): Illuminate\\Foundation\\Http\\Middleware\\TransformsRequest->handle()
#24 /home/gustavo/trabajo/laravel/testing_package/packages/gdelgado/quotes/vendor/laravel/framework/src/Illuminate/Pipeline/Pipeline.php(208): Illuminate\\Foundation\\Http\\Middleware\\TrimStrings->handle()
#25 /home/gustavo/trabajo/laravel/testing_package/packages/gdelgado/quotes/vendor/laravel/framework/src/Illuminate/Http/Middleware/ValidatePostSize.php(27): Illuminate\\Pipeline\\Pipeline->Illuminate\\Pipeline\\{closure}()
#26 /home/gustavo/trabajo/laravel/testing_package/packages/gdelgado/quotes/vendor/laravel/framework/src/Illuminate/Pipeline/Pipeline.php(208): Illuminate\\Http\\Middleware\\ValidatePostSize->handle()
#27 /home/gustavo/trabajo/laravel/testing_package/packages/gdelgado/quotes/vendor/laravel/framework/src/Illuminate/Foundation/Http/Middleware/PreventRequestsDuringMaintenance.php(109): Illuminate\\Pipeline\\Pipeline->Illuminate\\Pipeline\\{closure}()
#28 /home/gustavo/trabajo/laravel/testing_package/packages/gdelgado/quotes/vendor/laravel/framework/src/Illuminate/Pipeline/Pipeline.php(208): Illuminate\\Foundation\\Http\\Middleware\\PreventRequestsDuringMaintenance->handle()
#29 /home/gustavo/trabajo/laravel/testing_package/packages/gdelgado/quotes/vendor/laravel/framework/src/Illuminate/Http/Middleware/HandleCors.php(61): Illuminate\\Pipeline\\Pipeline->Illuminate\\Pipeline\\{closure}()
#30 /home/gustavo/trabajo/laravel/testing_package/packages/gdelgado/quotes/vendor/laravel/framework/src/Illuminate/Pipeline/Pipeline.php(208): Illuminate\\Http\\Middleware\\HandleCors->handle()
#31 /home/gustavo/trabajo/laravel/testing_package/packages/gdelgado/quotes/vendor/laravel/framework/src/Illuminate/Http/Middleware/TrustProxies.php(58): Illuminate\\Pipeline\\Pipeline->Illuminate\\Pipeline\\{closure}()
#32 /home/gustavo/trabajo/laravel/testing_package/packages/gdelgado/quotes/vendor/laravel/framework/src/Illuminate/Pipeline/Pipeline.php(208): Illuminate\\Http\\Middleware\\TrustProxies->handle()
#33 /home/gustavo/trabajo/laravel/testing_package/packages/gdelgado/quotes/vendor/laravel/framework/src/Illuminate/Foundation/Http/Middleware/InvokeDeferredCallbacks.php(22): Illuminate\\Pipeline\\Pipeline->Illuminate\\Pipeline\\{closure}()
#34 /home/gustavo/trabajo/laravel/testing_package/packages/gdelgado/quotes/vendor/laravel/framework/src/Illuminate/Pipeline/Pipeline.php(208): Illuminate\\Foundation\\Http\\Middleware\\InvokeDeferredCallbacks->handle()
#35 /home/gustavo/trabajo/laravel/testing_package/packages/gdelgado/quotes/vendor/laravel/framework/src/Illuminate/Http/Middleware/ValidatePathEncoding.php(26): Illuminate\\Pipeline\\Pipeline->Illuminate\\Pipeline\\{closure}()
#36 /home/gustavo/trabajo/laravel/testing_package/packages/gdelgado/quotes/vendor/laravel/framework/src/Illuminate/Pipeline/Pipeline.php(208): Illuminate\\Http\\Middleware\\ValidatePathEncoding->handle()
#37 /home/gustavo/trabajo/laravel/testing_package/packages/gdelgado/quotes/vendor/laravel/framework/src/Illuminate/Pipeline/Pipeline.php(126): Illuminate\\Pipeline\\Pipeline->Illuminate\\Pipeline\\{closure}()
#38 /home/gustavo/trabajo/laravel/testing_package/packages/gdelgado/quotes/vendor/laravel/framework/src/Illuminate/Foundation/Http/Kernel.php(175): Illuminate\\Pipeline\\Pipeline->then()
#39 /home/gustavo/trabajo/laravel/testing_package/packages/gdelgado/quotes/vendor/laravel/framework/src/Illuminate/Foundation/Http/Kernel.php(144): Illuminate\\Foundation\\Http\\Kernel->sendRequestThroughRouter()
#40 /home/gustavo/trabajo/laravel/testing_package/packages/gdelgado/quotes/vendor/laravel/framework/src/Illuminate/Foundation/Testing/Concerns/MakesHttpRequests.php(607): Illuminate\\Foundation\\Http\\Kernel->handle()
#41 /home/gustavo/trabajo/laravel/testing_package/packages/gdelgado/quotes/vendor/laravel/framework/src/Illuminate/Foundation/Testing/Concerns/MakesHttpRequests.php(368): Illuminate\\Foundation\\Testing\\TestCase->call()
#42 /home/gustavo/trabajo/laravel/testing_package/packages/gdelgado/quotes/tests/Feature/QuotesTest.php(16): Illuminate\\Foundation\\Testing\\TestCase->get()
#43 /home/gustavo/trabajo/laravel/testing_package/packages/gdelgado/quotes/vendor/phpunit/phpunit/src/Framework/TestCase.php(1240): Gdelgado\\Quotes\\Tests\\Feature\\QuotesTest->test_all_quotes()
#44 /home/gustavo/trabajo/laravel/testing_package/packages/gdelgado/quotes/vendor/phpunit/phpunit/src/Framework/TestCase.php(514): PHPUnit\\Framework\\TestCase->runTest()
#45 /home/gustavo/trabajo/laravel/testing_package/packages/gdelgado/quotes/vendor/phpunit/phpunit/src/Framework/TestRunner/TestRunner.php(87): PHPUnit\\Framework\\TestCase->runBare()
#46 /home/gustavo/trabajo/laravel/testing_package/packages/gdelgado/quotes/vendor/phpunit/phpunit/src/Framework/TestCase.php(361): PHPUnit\\Framework\\TestRunner->run()
#47 /home/gustavo/trabajo/laravel/testing_package/packages/gdelgado/quotes/vendor/phpunit/phpunit/src/Framework/TestSuite.php(369): PHPUnit\\Framework\\TestCase->run()
#48 /home/gustavo/trabajo/laravel/testing_package/packages/gdelgado/quotes/vendor/phpunit/phpunit/src/Framework/TestSuite.php(369): PHPUnit\\Framework\\TestSuite->run()
#49 /home/gustavo/trabajo/laravel/testing_package/packages/gdelgado/quotes/vendor/phpunit/phpunit/src/Framework/TestSuite.php(369): PHPUnit\\Framework\\TestSuite->run()
#50 /home/gustavo/trabajo/laravel/testing_package/packages/gdelgado/quotes/vendor/phpunit/phpunit/src/TextUI/TestRunner.php(64): PHPUnit\\Framework\\TestSuite->run()
#51 /home/gustavo/trabajo/laravel/testing_package/packages/gdelgado/quotes/vendor/phpunit/phpunit/src/TextUI/Application.php(210): PHPUnit\\TextUI\\TestRunner->run()
#52 /home/gustavo/trabajo/laravel/testing_package/packages/gdelgado/quotes/vendor/phpunit/phpunit/phpunit(104): PHPUnit\\TextUI\\Application->run()
#53 /home/gustavo/trabajo/laravel/testing_package/packages/gdelgado/quotes/vendor/bin/phpunit(122): include('...')
#54 {main}
"} 
[2025-03-21 11:30:11] production.ERROR: Please provide a valid cache path. {"exception":"[object] (InvalidArgumentException(code: 0): Please provide a valid cache path. at /home/gustavo/trabajo/laravel/testing_package/packages/gdelgado/quotes/vendor/laravel/framework/src/Illuminate/View/Compilers/Compiler.php:67)
[stacktrace]
#0 /home/gustavo/trabajo/laravel/testing_package/packages/gdelgado/quotes/vendor/laravel/framework/src/Illuminate/View/ViewServiceProvider.php(97): Illuminate\\View\\Compilers\\Compiler->__construct()
#1 /home/gustavo/trabajo/laravel/testing_package/packages/gdelgado/quotes/vendor/laravel/framework/src/Illuminate/Container/Container.php(1010): Illuminate\\View\\ViewServiceProvider->Illuminate\\View\\{closure}()
#2 /home/gustavo/trabajo/laravel/testing_package/packages/gdelgado/quotes/vendor/laravel/framework/src/Illuminate/Container/Container.php(890): Illuminate\\Container\\Container->build()
#3 /home/gustavo/trabajo/laravel/testing_package/packages/gdelgado/quotes/vendor/laravel/framework/src/Illuminate/Foundation/Application.php(1077): Illuminate\\Container\\Container->resolve()
#4 /home/gustavo/trabajo/laravel/testing_package/packages/gdelgado/quotes/vendor/laravel/framework/src/Illuminate/Container/Container.php(821): Illuminate\\Foundation\\Application->resolve()
#5 /home/gustavo/trabajo/laravel/testing_package/packages/gdelgado/quotes/vendor/laravel/framework/src/Illuminate/Foundation/Application.php(1057): Illuminate\\Container\\Container->make()
#6 /home/gustavo/trabajo/laravel/testing_package/packages/gdelgado/quotes/vendor/laravel/framework/src/Illuminate/View/ViewServiceProvider.php(168): Illuminate\\Foundation\\Application->make()
#7 [internal function]: Illuminate\\View\\ViewServiceProvider->Illuminate\\View\\{closure}()
#8 /home/gustavo/trabajo/laravel/testing_package/packages/gdelgado/quotes/vendor/laravel/framework/src/Illuminate/View/Engines/EngineResolver.php(55): call_user_func()
#9 /home/gustavo/trabajo/laravel/testing_package/packages/gdelgado/quotes/vendor/laravel/framework/src/Illuminate/View/Factory.php(325): Illuminate\\View\\Engines\\EngineResolver->resolve()
#10 /home/gustavo/trabajo/laravel/testing_package/packages/gdelgado/quotes/vendor/laravel/framework/src/Illuminate/View/Factory.php(287): Illuminate\\View\\Factory->getEngineFromPath()
#11 /home/gustavo/trabajo/laravel/testing_package/packages/gdelgado/quotes/vendor/laravel/framework/src/Illuminate/View/Factory.php(159): Illuminate\\View\\Factory->viewInstance()
#12 /home/gustavo/trabajo/laravel/testing_package/packages/gdelgado/quotes/vendor/laravel/framework/src/Illuminate/Routing/ResponseFactory.php(90): Illuminate\\View\\Factory->make()
#13 /home/gustavo/trabajo/laravel/testing_package/packages/gdelgado/quotes/vendor/laravel/framework/src/Illuminate/Foundation/Exceptions/Handler.php(897): Illuminate\\Routing\\ResponseFactory->view()
#14 /home/gustavo/trabajo/laravel/testing_package/packages/gdelgado/quotes/vendor/laravel/framework/src/Illuminate/Foundation/Exceptions/Handler.php(818): Illuminate\\Foundation\\Exceptions\\Handler->renderHttpException()
#15 /home/gustavo/trabajo/laravel/testing_package/packages/gdelgado/quotes/vendor/laravel/framework/src/Illuminate/Foundation/Exceptions/Handler.php(709): Illuminate\\Foundation\\Exceptions\\Handler->prepareResponse()
#16 /home/gustavo/trabajo/laravel/testing_package/packages/gdelgado/quotes/vendor/laravel/framework/src/Illuminate/Foundation/Exceptions/Handler.php(597): Illuminate\\Foundation\\Exceptions\\Handler->renderExceptionResponse()
#17 /home/gustavo/trabajo/laravel/testing_package/packages/gdelgado/quotes/vendor/laravel/framework/src/Illuminate/Routing/Pipeline.php(51): Illuminate\\Foundation\\Exceptions\\Handler->render()
#18 /home/gustavo/trabajo/laravel/testing_package/packages/gdelgado/quotes/vendor/laravel/framework/src/Illuminate/Pipeline/Pipeline.php(171): Illuminate\\Routing\\Pipeline->handleException()
#19 /home/gustavo/trabajo/laravel/testing_package/packages/gdelgado/quotes/vendor/laravel/framework/src/Illuminate/Foundation/Http/Middleware/TransformsRequest.php(21): Illuminate\\Pipeline\\Pipeline->Illuminate\\Pipeline\\{closure}()
#20 /home/gustavo/trabajo/laravel/testing_package/packages/gdelgado/quotes/vendor/laravel/framework/src/Illuminate/Foundation/Http/Middleware/ConvertEmptyStringsToNull.php(31): Illuminate\\Foundation\\Http\\Middleware\\TransformsRequest->handle()
#21 /home/gustavo/trabajo/laravel/testing_package/packages/gdelgado/quotes/vendor/laravel/framework/src/Illuminate/Pipeline/Pipeline.php(208): Illuminate\\Foundation\\Http\\Middleware\\ConvertEmptyStringsToNull->handle()
#22 /home/gustavo/trabajo/laravel/testing_package/packages/gdelgado/quotes/vendor/laravel/framework/src/Illuminate/Foundation/Http/Middleware/TransformsRequest.php(21): Illuminate\\Pipeline\\Pipeline->Illuminate\\Pipeline\\{closure}()
#23 /home/gustavo/trabajo/laravel/testing_package/packages/gdelgado/quotes/vendor/laravel/framework/src/Illuminate/Foundation/Http/Middleware/TrimStrings.php(51): Illuminate\\Foundation\\Http\\Middleware\\TransformsRequest->handle()
#24 /home/gustavo/trabajo/laravel/testing_package/packages/gdelgado/quotes/vendor/laravel/framework/src/Illuminate/Pipeline/Pipeline.php(208): Illuminate\\Foundation\\Http\\Middleware\\TrimStrings->handle()
#25 /home/gustavo/trabajo/laravel/testing_package/packages/gdelgado/quotes/vendor/laravel/framework/src/Illuminate/Http/Middleware/ValidatePostSize.php(27): Illuminate\\Pipeline\\Pipeline->Illuminate\\Pipeline\\{closure}()
#26 /home/gustavo/trabajo/laravel/testing_package/packages/gdelgado/quotes/vendor/laravel/framework/src/Illuminate/Pipeline/Pipeline.php(208): Illuminate\\Http\\Middleware\\ValidatePostSize->handle()
#27 /home/gustavo/trabajo/laravel/testing_package/packages/gdelgado/quotes/vendor/laravel/framework/src/Illuminate/Foundation/Http/Middleware/PreventRequestsDuringMaintenance.php(109): Illuminate\\Pipeline\\Pipeline->Illuminate\\Pipeline\\{closure}()
#28 /home/gustavo/trabajo/laravel/testing_package/packages/gdelgado/quotes/vendor/laravel/framework/src/Illuminate/Pipeline/Pipeline.php(208): Illuminate\\Foundation\\Http\\Middleware\\PreventRequestsDuringMaintenance->handle()
#29 /home/gustavo/trabajo/laravel/testing_package/packages/gdelgado/quotes/vendor/laravel/framework/src/Illuminate/Http/Middleware/HandleCors.php(61): Illuminate\\Pipeline\\Pipeline->Illuminate\\Pipeline\\{closure}()
#30 /home/gustavo/trabajo/laravel/testing_package/packages/gdelgado/quotes/vendor/laravel/framework/src/Illuminate/Pipeline/Pipeline.php(208): Illuminate\\Http\\Middleware\\HandleCors->handle()
#31 /home/gustavo/trabajo/laravel/testing_package/packages/gdelgado/quotes/vendor/laravel/framework/src/Illuminate/Http/Middleware/TrustProxies.php(58): Illuminate\\Pipeline\\Pipeline->Illuminate\\Pipeline\\{closure}()
#32 /home/gustavo/trabajo/laravel/testing_package/packages/gdelgado/quotes/vendor/laravel/framework/src/Illuminate/Pipeline/Pipeline.php(208): Illuminate\\Http\\Middleware\\TrustProxies->handle()
#33 /home/gustavo/trabajo/laravel/testing_package/packages/gdelgado/quotes/vendor/laravel/framework/src/Illuminate/Foundation/Http/Middleware/InvokeDeferredCallbacks.php(22): Illuminate\\Pipeline\\Pipeline->Illuminate\\Pipeline\\{closure}()
#34 /home/gustavo/trabajo/laravel/testing_package/packages/gdelgado/quotes/vendor/laravel/framework/src/Illuminate/Pipeline/Pipeline.php(208): Illuminate\\Foundation\\Http\\Middleware\\InvokeDeferredCallbacks->handle()
#35 /home/gustavo/trabajo/laravel/testing_package/packages/gdelgado/quotes/vendor/laravel/framework/src/Illuminate/Http/Middleware/ValidatePathEncoding.php(26): Illuminate\\Pipeline\\Pipeline->Illuminate\\Pipeline\\{closure}()
#36 /home/gustavo/trabajo/laravel/testing_package/packages/gdelgado/quotes/vendor/laravel/framework/src/Illuminate/Pipeline/Pipeline.php(208): Illuminate\\Http\\Middleware\\ValidatePathEncoding->handle()
#37 /home/gustavo/trabajo/laravel/testing_package/packages/gdelgado/quotes/vendor/laravel/framework/src/Illuminate/Pipeline/Pipeline.php(126): Illuminate\\Pipeline\\Pipeline->Illuminate\\Pipeline\\{closure}()
#38 /home/gustavo/trabajo/laravel/testing_package/packages/gdelgado/quotes/vendor/laravel/framework/src/Illuminate/Foundation/Http/Kernel.php(175): Illuminate\\Pipeline\\Pipeline->then()
#39 /home/gustavo/trabajo/laravel/testing_package/packages/gdelgado/quotes/vendor/laravel/framework/src/Illuminate/Foundation/Http/Kernel.php(144): Illuminate\\Foundation\\Http\\Kernel->sendRequestThroughRouter()
#40 /home/gustavo/trabajo/laravel/testing_package/packages/gdelgado/quotes/vendor/laravel/framework/src/Illuminate/Foundation/Testing/Concerns/MakesHttpRequests.php(607): Illuminate\\Foundation\\Http\\Kernel->handle()
#41 /home/gustavo/trabajo/laravel/testing_package/packages/gdelgado/quotes/vendor/laravel/framework/src/Illuminate/Foundation/Testing/Concerns/MakesHttpRequests.php(368): Illuminate\\Foundation\\Testing\\TestCase->call()
#42 /home/gustavo/trabajo/laravel/testing_package/packages/gdelgado/quotes/tests/Feature/QuotesTest.php(16): Illuminate\\Foundation\\Testing\\TestCase->get()
#43 /home/gustavo/trabajo/laravel/testing_package/packages/gdelgado/quotes/vendor/phpunit/phpunit/src/Framework/TestCase.php(1240): Gdelgado\\Quotes\\Tests\\Feature\\QuotesTest->test_all_quotes()
#44 /home/gustavo/trabajo/laravel/testing_package/packages/gdelgado/quotes/vendor/phpunit/phpunit/src/Framework/TestCase.php(514): PHPUnit\\Framework\\TestCase->runTest()
#45 /home/gustavo/trabajo/laravel/testing_package/packages/gdelgado/quotes/vendor/phpunit/phpunit/src/Framework/TestRunner/TestRunner.php(87): PHPUnit\\Framework\\TestCase->runBare()
#46 /home/gustavo/trabajo/laravel/testing_package/packages/gdelgado/quotes/vendor/phpunit/phpunit/src/Framework/TestCase.php(361): PHPUnit\\Framework\\TestRunner->run()
#47 /home/gustavo/trabajo/laravel/testing_package/packages/gdelgado/quotes/vendor/phpunit/phpunit/src/Framework/TestSuite.php(369): PHPUnit\\Framework\\TestCase->run()
#48 /home/gustavo/trabajo/laravel/testing_package/packages/gdelgado/quotes/vendor/phpunit/phpunit/src/Framework/TestSuite.php(369): PHPUnit\\Framework\\TestSuite->run()
#49 /home/gustavo/trabajo/laravel/testing_package/packages/gdelgado/quotes/vendor/phpunit/phpunit/src/Framework/TestSuite.php(369): PHPUnit\\Framework\\TestSuite->run()
#50 /home/gustavo/trabajo/laravel/testing_package/packages/gdelgado/quotes/vendor/phpunit/phpunit/src/TextUI/TestRunner.php(64): PHPUnit\\Framework\\TestSuite->run()
#51 /home/gustavo/trabajo/laravel/testing_package/packages/gdelgado/quotes/vendor/phpunit/phpunit/src/TextUI/Application.php(210): PHPUnit\\TextUI\\TestRunner->run()
#52 /home/gustavo/trabajo/laravel/testing_package/packages/gdelgado/quotes/vendor/phpunit/phpunit/phpunit(104): PHPUnit\\TextUI\\Application->run()
#53 /home/gustavo/trabajo/laravel/testing_package/packages/gdelgado/quotes/vendor/bin/phpunit(122): include('...')
#54 {main}
"} 
[2025-03-21 11:30:47] production.ERROR: Please provide a valid cache path. {"exception":"[object] (InvalidArgumentException(code: 0): Please provide a valid cache path. at /home/gustavo/trabajo/laravel/testing_package/packages/gdelgado/quotes/vendor/laravel/framework/src/Illuminate/View/Compilers/Compiler.php:67)
[stacktrace]
#0 /home/gustavo/trabajo/laravel/testing_package/packages/gdelgado/quotes/vendor/laravel/framework/src/Illuminate/View/ViewServiceProvider.php(97): Illuminate\\View\\Compilers\\Compiler->__construct()
#1 /home/gustavo/trabajo/laravel/testing_package/packages/gdelgado/quotes/vendor/laravel/framework/src/Illuminate/Container/Container.php(1010): Illuminate\\View\\ViewServiceProvider->Illuminate\\View\\{closure}()
#2 /home/gustavo/trabajo/laravel/testing_package/packages/gdelgado/quotes/vendor/laravel/framework/src/Illuminate/Container/Container.php(890): Illuminate\\Container\\Container->build()
#3 /home/gustavo/trabajo/laravel/testing_package/packages/gdelgado/quotes/vendor/laravel/framework/src/Illuminate/Foundation/Application.php(1077): Illuminate\\Container\\Container->resolve()
#4 /home/gustavo/trabajo/laravel/testing_package/packages/gdelgado/quotes/vendor/laravel/framework/src/Illuminate/Container/Container.php(821): Illuminate\\Foundation\\Application->resolve()
#5 /home/gustavo/trabajo/laravel/testing_package/packages/gdelgado/quotes/vendor/laravel/framework/src/Illuminate/Foundation/Application.php(1057): Illuminate\\Container\\Container->make()
#6 /home/gustavo/trabajo/laravel/testing_package/packages/gdelgado/quotes/vendor/laravel/framework/src/Illuminate/View/ViewServiceProvider.php(168): Illuminate\\Foundation\\Application->make()
#7 [internal function]: Illuminate\\View\\ViewServiceProvider->Illuminate\\View\\{closure}()
#8 /home/gustavo/trabajo/laravel/testing_package/packages/gdelgado/quotes/vendor/laravel/framework/src/Illuminate/View/Engines/EngineResolver.php(55): call_user_func()
#9 /home/gustavo/trabajo/laravel/testing_package/packages/gdelgado/quotes/vendor/laravel/framework/src/Illuminate/View/Factory.php(325): Illuminate\\View\\Engines\\EngineResolver->resolve()
#10 /home/gustavo/trabajo/laravel/testing_package/packages/gdelgado/quotes/vendor/laravel/framework/src/Illuminate/View/Factory.php(287): Illuminate\\View\\Factory->getEngineFromPath()
#11 /home/gustavo/trabajo/laravel/testing_package/packages/gdelgado/quotes/vendor/laravel/framework/src/Illuminate/View/Factory.php(159): Illuminate\\View\\Factory->viewInstance()
#12 /home/gustavo/trabajo/laravel/testing_package/packages/gdelgado/quotes/vendor/laravel/framework/src/Illuminate/Routing/ResponseFactory.php(90): Illuminate\\View\\Factory->make()
#13 /home/gustavo/trabajo/laravel/testing_package/packages/gdelgado/quotes/vendor/laravel/framework/src/Illuminate/Foundation/Exceptions/Handler.php(897): Illuminate\\Routing\\ResponseFactory->view()
#14 /home/gustavo/trabajo/laravel/testing_package/packages/gdelgado/quotes/vendor/laravel/framework/src/Illuminate/Foundation/Exceptions/Handler.php(818): Illuminate\\Foundation\\Exceptions\\Handler->renderHttpException()
#15 /home/gustavo/trabajo/laravel/testing_package/packages/gdelgado/quotes/vendor/laravel/framework/src/Illuminate/Foundation/Exceptions/Handler.php(709): Illuminate\\Foundation\\Exceptions\\Handler->prepareResponse()
#16 /home/gustavo/trabajo/laravel/testing_package/packages/gdelgado/quotes/vendor/laravel/framework/src/Illuminate/Foundation/Exceptions/Handler.php(597): Illuminate\\Foundation\\Exceptions\\Handler->renderExceptionResponse()
#17 /home/gustavo/trabajo/laravel/testing_package/packages/gdelgado/quotes/vendor/laravel/framework/src/Illuminate/Routing/Pipeline.php(51): Illuminate\\Foundation\\Exceptions\\Handler->render()
#18 /home/gustavo/trabajo/laravel/testing_package/packages/gdelgado/quotes/vendor/laravel/framework/src/Illuminate/Pipeline/Pipeline.php(171): Illuminate\\Routing\\Pipeline->handleException()
#19 /home/gustavo/trabajo/laravel/testing_package/packages/gdelgado/quotes/vendor/laravel/framework/src/Illuminate/Foundation/Http/Middleware/TransformsRequest.php(21): Illuminate\\Pipeline\\Pipeline->Illuminate\\Pipeline\\{closure}()
#20 /home/gustavo/trabajo/laravel/testing_package/packages/gdelgado/quotes/vendor/laravel/framework/src/Illuminate/Foundation/Http/Middleware/ConvertEmptyStringsToNull.php(31): Illuminate\\Foundation\\Http\\Middleware\\TransformsRequest->handle()
#21 /home/gustavo/trabajo/laravel/testing_package/packages/gdelgado/quotes/vendor/laravel/framework/src/Illuminate/Pipeline/Pipeline.php(208): Illuminate\\Foundation\\Http\\Middleware\\ConvertEmptyStringsToNull->handle()
#22 /home/gustavo/trabajo/laravel/testing_package/packages/gdelgado/quotes/vendor/laravel/framework/src/Illuminate/Foundation/Http/Middleware/TransformsRequest.php(21): Illuminate\\Pipeline\\Pipeline->Illuminate\\Pipeline\\{closure}()
#23 /home/gustavo/trabajo/laravel/testing_package/packages/gdelgado/quotes/vendor/laravel/framework/src/Illuminate/Foundation/Http/Middleware/TrimStrings.php(51): Illuminate\\Foundation\\Http\\Middleware\\TransformsRequest->handle()
#24 /home/gustavo/trabajo/laravel/testing_package/packages/gdelgado/quotes/vendor/laravel/framework/src/Illuminate/Pipeline/Pipeline.php(208): Illuminate\\Foundation\\Http\\Middleware\\TrimStrings->handle()
#25 /home/gustavo/trabajo/laravel/testing_package/packages/gdelgado/quotes/vendor/laravel/framework/src/Illuminate/Http/Middleware/ValidatePostSize.php(27): Illuminate\\Pipeline\\Pipeline->Illuminate\\Pipeline\\{closure}()
#26 /home/gustavo/trabajo/laravel/testing_package/packages/gdelgado/quotes/vendor/laravel/framework/src/Illuminate/Pipeline/Pipeline.php(208): Illuminate\\Http\\Middleware\\ValidatePostSize->handle()
#27 /home/gustavo/trabajo/laravel/testing_package/packages/gdelgado/quotes/vendor/laravel/framework/src/Illuminate/Foundation/Http/Middleware/PreventRequestsDuringMaintenance.php(109): Illuminate\\Pipeline\\Pipeline->Illuminate\\Pipeline\\{closure}()
#28 /home/gustavo/trabajo/laravel/testing_package/packages/gdelgado/quotes/vendor/laravel/framework/src/Illuminate/Pipeline/Pipeline.php(208): Illuminate\\Foundation\\Http\\Middleware\\PreventRequestsDuringMaintenance->handle()
#29 /home/gustavo/trabajo/laravel/testing_package/packages/gdelgado/quotes/vendor/laravel/framework/src/Illuminate/Http/Middleware/HandleCors.php(61): Illuminate\\Pipeline\\Pipeline->Illuminate\\Pipeline\\{closure}()
#30 /home/gustavo/trabajo/laravel/testing_package/packages/gdelgado/quotes/vendor/laravel/framework/src/Illuminate/Pipeline/Pipeline.php(208): Illuminate\\Http\\Middleware\\HandleCors->handle()
#31 /home/gustavo/trabajo/laravel/testing_package/packages/gdelgado/quotes/vendor/laravel/framework/src/Illuminate/Http/Middleware/TrustProxies.php(58): Illuminate\\Pipeline\\Pipeline->Illuminate\\Pipeline\\{closure}()
#32 /home/gustavo/trabajo/laravel/testing_package/packages/gdelgado/quotes/vendor/laravel/framework/src/Illuminate/Pipeline/Pipeline.php(208): Illuminate\\Http\\Middleware\\TrustProxies->handle()
#33 /home/gustavo/trabajo/laravel/testing_package/packages/gdelgado/quotes/vendor/laravel/framework/src/Illuminate/Foundation/Http/Middleware/InvokeDeferredCallbacks.php(22): Illuminate\\Pipeline\\Pipeline->Illuminate\\Pipeline\\{closure}()
#34 /home/gustavo/trabajo/laravel/testing_package/packages/gdelgado/quotes/vendor/laravel/framework/src/Illuminate/Pipeline/Pipeline.php(208): Illuminate\\Foundation\\Http\\Middleware\\InvokeDeferredCallbacks->handle()
#35 /home/gustavo/trabajo/laravel/testing_package/packages/gdelgado/quotes/vendor/laravel/framework/src/Illuminate/Http/Middleware/ValidatePathEncoding.php(26): Illuminate\\Pipeline\\Pipeline->Illuminate\\Pipeline\\{closure}()
#36 /home/gustavo/trabajo/laravel/testing_package/packages/gdelgado/quotes/vendor/laravel/framework/src/Illuminate/Pipeline/Pipeline.php(208): Illuminate\\Http\\Middleware\\ValidatePathEncoding->handle()
#37 /home/gustavo/trabajo/laravel/testing_package/packages/gdelgado/quotes/vendor/laravel/framework/src/Illuminate/Pipeline/Pipeline.php(126): Illuminate\\Pipeline\\Pipeline->Illuminate\\Pipeline\\{closure}()
#38 /home/gustavo/trabajo/laravel/testing_package/packages/gdelgado/quotes/vendor/laravel/framework/src/Illuminate/Foundation/Http/Kernel.php(175): Illuminate\\Pipeline\\Pipeline->then()
#39 /home/gustavo/trabajo/laravel/testing_package/packages/gdelgado/quotes/vendor/laravel/framework/src/Illuminate/Foundation/Http/Kernel.php(144): Illuminate\\Foundation\\Http\\Kernel->sendRequestThroughRouter()
#40 /home/gustavo/trabajo/laravel/testing_package/packages/gdelgado/quotes/vendor/laravel/framework/src/Illuminate/Foundation/Testing/Concerns/MakesHttpRequests.php(607): Illuminate\\Foundation\\Http\\Kernel->handle()
#41 /home/gustavo/trabajo/laravel/testing_package/packages/gdelgado/quotes/vendor/laravel/framework/src/Illuminate/Foundation/Testing/Concerns/MakesHttpRequests.php(368): Illuminate\\Foundation\\Testing\\TestCase->call()
#42 /home/gustavo/trabajo/laravel/testing_package/packages/gdelgado/quotes/tests/Feature/QuotesTest.php(16): Illuminate\\Foundation\\Testing\\TestCase->get()
#43 /home/gustavo/trabajo/laravel/testing_package/packages/gdelgado/quotes/vendor/phpunit/phpunit/src/Framework/TestCase.php(1240): Gdelgado\\Quotes\\Tests\\Feature\\QuotesTest->test_all_quotes()
#44 /home/gustavo/trabajo/laravel/testing_package/packages/gdelgado/quotes/vendor/phpunit/phpunit/src/Framework/TestCase.php(514): PHPUnit\\Framework\\TestCase->runTest()
#45 /home/gustavo/trabajo/laravel/testing_package/packages/gdelgado/quotes/vendor/phpunit/phpunit/src/Framework/TestRunner/TestRunner.php(87): PHPUnit\\Framework\\TestCase->runBare()
#46 /home/gustavo/trabajo/laravel/testing_package/packages/gdelgado/quotes/vendor/phpunit/phpunit/src/Framework/TestCase.php(361): PHPUnit\\Framework\\TestRunner->run()
#47 /home/gustavo/trabajo/laravel/testing_package/packages/gdelgado/quotes/vendor/phpunit/phpunit/src/Framework/TestSuite.php(369): PHPUnit\\Framework\\TestCase->run()
#48 /home/gustavo/trabajo/laravel/testing_package/packages/gdelgado/quotes/vendor/phpunit/phpunit/src/Framework/TestSuite.php(369): PHPUnit\\Framework\\TestSuite->run()
#49 /home/gustavo/trabajo/laravel/testing_package/packages/gdelgado/quotes/vendor/phpunit/phpunit/src/Framework/TestSuite.php(369): PHPUnit\\Framework\\TestSuite->run()
#50 /home/gustavo/trabajo/laravel/testing_package/packages/gdelgado/quotes/vendor/phpunit/phpunit/src/TextUI/TestRunner.php(64): PHPUnit\\Framework\\TestSuite->run()
#51 /home/gustavo/trabajo/laravel/testing_package/packages/gdelgado/quotes/vendor/phpunit/phpunit/src/TextUI/Application.php(210): PHPUnit\\TextUI\\TestRunner->run()
#52 /home/gustavo/trabajo/laravel/testing_package/packages/gdelgado/quotes/vendor/phpunit/phpunit/phpunit(104): PHPUnit\\TextUI\\Application->run()
#53 /home/gustavo/trabajo/laravel/testing_package/packages/gdelgado/quotes/vendor/bin/phpunit(122): include('...')
#54 {main}
"} 
[2025-03-21 11:31:19] production.ERROR: Please provide a valid cache path. {"exception":"[object] (InvalidArgumentException(code: 0): Please provide a valid cache path. at /home/gustavo/trabajo/laravel/testing_package/packages/gdelgado/quotes/vendor/laravel/framework/src/Illuminate/View/Compilers/Compiler.php:67)
[stacktrace]
#0 /home/gustavo/trabajo/laravel/testing_package/packages/gdelgado/quotes/vendor/laravel/framework/src/Illuminate/View/ViewServiceProvider.php(97): Illuminate\\View\\Compilers\\Compiler->__construct()
#1 /home/gustavo/trabajo/laravel/testing_package/packages/gdelgado/quotes/vendor/laravel/framework/src/Illuminate/Container/Container.php(1010): Illuminate\\View\\ViewServiceProvider->Illuminate\\View\\{closure}()
#2 /home/gustavo/trabajo/laravel/testing_package/packages/gdelgado/quotes/vendor/laravel/framework/src/Illuminate/Container/Container.php(890): Illuminate\\Container\\Container->build()
#3 /home/gustavo/trabajo/laravel/testing_package/packages/gdelgado/quotes/vendor/laravel/framework/src/Illuminate/Foundation/Application.php(1077): Illuminate\\Container\\Container->resolve()
#4 /home/gustavo/trabajo/laravel/testing_package/packages/gdelgado/quotes/vendor/laravel/framework/src/Illuminate/Container/Container.php(821): Illuminate\\Foundation\\Application->resolve()
#5 /home/gustavo/trabajo/laravel/testing_package/packages/gdelgado/quotes/vendor/laravel/framework/src/Illuminate/Foundation/Application.php(1057): Illuminate\\Container\\Container->make()
#6 /home/gustavo/trabajo/laravel/testing_package/packages/gdelgado/quotes/vendor/laravel/framework/src/Illuminate/View/ViewServiceProvider.php(168): Illuminate\\Foundation\\Application->make()
#7 [internal function]: Illuminate\\View\\ViewServiceProvider->Illuminate\\View\\{closure}()
#8 /home/gustavo/trabajo/laravel/testing_package/packages/gdelgado/quotes/vendor/laravel/framework/src/Illuminate/View/Engines/EngineResolver.php(55): call_user_func()
#9 /home/gustavo/trabajo/laravel/testing_package/packages/gdelgado/quotes/vendor/laravel/framework/src/Illuminate/View/Factory.php(325): Illuminate\\View\\Engines\\EngineResolver->resolve()
#10 /home/gustavo/trabajo/laravel/testing_package/packages/gdelgado/quotes/vendor/laravel/framework/src/Illuminate/View/Factory.php(287): Illuminate\\View\\Factory->getEngineFromPath()
#11 /home/gustavo/trabajo/laravel/testing_package/packages/gdelgado/quotes/vendor/laravel/framework/src/Illuminate/View/Factory.php(159): Illuminate\\View\\Factory->viewInstance()
#12 /home/gustavo/trabajo/laravel/testing_package/packages/gdelgado/quotes/vendor/laravel/framework/src/Illuminate/Routing/ResponseFactory.php(90): Illuminate\\View\\Factory->make()
#13 /home/gustavo/trabajo/laravel/testing_package/packages/gdelgado/quotes/vendor/laravel/framework/src/Illuminate/Foundation/Exceptions/Handler.php(897): Illuminate\\Routing\\ResponseFactory->view()
#14 /home/gustavo/trabajo/laravel/testing_package/packages/gdelgado/quotes/vendor/laravel/framework/src/Illuminate/Foundation/Exceptions/Handler.php(818): Illuminate\\Foundation\\Exceptions\\Handler->renderHttpException()
#15 /home/gustavo/trabajo/laravel/testing_package/packages/gdelgado/quotes/vendor/laravel/framework/src/Illuminate/Foundation/Exceptions/Handler.php(709): Illuminate\\Foundation\\Exceptions\\Handler->prepareResponse()
#16 /home/gustavo/trabajo/laravel/testing_package/packages/gdelgado/quotes/vendor/laravel/framework/src/Illuminate/Foundation/Exceptions/Handler.php(597): Illuminate\\Foundation\\Exceptions\\Handler->renderExceptionResponse()
#17 /home/gustavo/trabajo/laravel/testing_package/packages/gdelgado/quotes/vendor/laravel/framework/src/Illuminate/Routing/Pipeline.php(51): Illuminate\\Foundation\\Exceptions\\Handler->render()
#18 /home/gustavo/trabajo/laravel/testing_package/packages/gdelgado/quotes/vendor/laravel/framework/src/Illuminate/Pipeline/Pipeline.php(171): Illuminate\\Routing\\Pipeline->handleException()
#19 /home/gustavo/trabajo/laravel/testing_package/packages/gdelgado/quotes/vendor/laravel/framework/src/Illuminate/Foundation/Http/Middleware/TransformsRequest.php(21): Illuminate\\Pipeline\\Pipeline->Illuminate\\Pipeline\\{closure}()
#20 /home/gustavo/trabajo/laravel/testing_package/packages/gdelgado/quotes/vendor/laravel/framework/src/Illuminate/Foundation/Http/Middleware/ConvertEmptyStringsToNull.php(31): Illuminate\\Foundation\\Http\\Middleware\\TransformsRequest->handle()
#21 /home/gustavo/trabajo/laravel/testing_package/packages/gdelgado/quotes/vendor/laravel/framework/src/Illuminate/Pipeline/Pipeline.php(208): Illuminate\\Foundation\\Http\\Middleware\\ConvertEmptyStringsToNull->handle()
#22 /home/gustavo/trabajo/laravel/testing_package/packages/gdelgado/quotes/vendor/laravel/framework/src/Illuminate/Foundation/Http/Middleware/TransformsRequest.php(21): Illuminate\\Pipeline\\Pipeline->Illuminate\\Pipeline\\{closure}()
#23 /home/gustavo/trabajo/laravel/testing_package/packages/gdelgado/quotes/vendor/laravel/framework/src/Illuminate/Foundation/Http/Middleware/TrimStrings.php(51): Illuminate\\Foundation\\Http\\Middleware\\TransformsRequest->handle()
#24 /home/gustavo/trabajo/laravel/testing_package/packages/gdelgado/quotes/vendor/laravel/framework/src/Illuminate/Pipeline/Pipeline.php(208): Illuminate\\Foundation\\Http\\Middleware\\TrimStrings->handle()
#25 /home/gustavo/trabajo/laravel/testing_package/packages/gdelgado/quotes/vendor/laravel/framework/src/Illuminate/Http/Middleware/ValidatePostSize.php(27): Illuminate\\Pipeline\\Pipeline->Illuminate\\Pipeline\\{closure}()
#26 /home/gustavo/trabajo/laravel/testing_package/packages/gdelgado/quotes/vendor/laravel/framework/src/Illuminate/Pipeline/Pipeline.php(208): Illuminate\\Http\\Middleware\\ValidatePostSize->handle()
#27 /home/gustavo/trabajo/laravel/testing_package/packages/gdelgado/quotes/vendor/laravel/framework/src/Illuminate/Foundation/Http/Middleware/PreventRequestsDuringMaintenance.php(109): Illuminate\\Pipeline\\Pipeline->Illuminate\\Pipeline\\{closure}()
#28 /home/gustavo/trabajo/laravel/testing_package/packages/gdelgado/quotes/vendor/laravel/framework/src/Illuminate/Pipeline/Pipeline.php(208): Illuminate\\Foundation\\Http\\Middleware\\PreventRequestsDuringMaintenance->handle()
#29 /home/gustavo/trabajo/laravel/testing_package/packages/gdelgado/quotes/vendor/laravel/framework/src/Illuminate/Http/Middleware/HandleCors.php(61): Illuminate\\Pipeline\\Pipeline->Illuminate\\Pipeline\\{closure}()
#30 /home/gustavo/trabajo/laravel/testing_package/packages/gdelgado/quotes/vendor/laravel/framework/src/Illuminate/Pipeline/Pipeline.php(208): Illuminate\\Http\\Middleware\\HandleCors->handle()
#31 /home/gustavo/trabajo/laravel/testing_package/packages/gdelgado/quotes/vendor/laravel/framework/src/Illuminate/Http/Middleware/TrustProxies.php(58): Illuminate\\Pipeline\\Pipeline->Illuminate\\Pipeline\\{closure}()
#32 /home/gustavo/trabajo/laravel/testing_package/packages/gdelgado/quotes/vendor/laravel/framework/src/Illuminate/Pipeline/Pipeline.php(208): Illuminate\\Http\\Middleware\\TrustProxies->handle()
#33 /home/gustavo/trabajo/laravel/testing_package/packages/gdelgado/quotes/vendor/laravel/framework/src/Illuminate/Foundation/Http/Middleware/InvokeDeferredCallbacks.php(22): Illuminate\\Pipeline\\Pipeline->Illuminate\\Pipeline\\{closure}()
#34 /home/gustavo/trabajo/laravel/testing_package/packages/gdelgado/quotes/vendor/laravel/framework/src/Illuminate/Pipeline/Pipeline.php(208): Illuminate\\Foundation\\Http\\Middleware\\InvokeDeferredCallbacks->handle()
#35 /home/gustavo/trabajo/laravel/testing_package/packages/gdelgado/quotes/vendor/laravel/framework/src/Illuminate/Http/Middleware/ValidatePathEncoding.php(26): Illuminate\\Pipeline\\Pipeline->Illuminate\\Pipeline\\{closure}()
#36 /home/gustavo/trabajo/laravel/testing_package/packages/gdelgado/quotes/vendor/laravel/framework/src/Illuminate/Pipeline/Pipeline.php(208): Illuminate\\Http\\Middleware\\ValidatePathEncoding->handle()
#37 /home/gustavo/trabajo/laravel/testing_package/packages/gdelgado/quotes/vendor/laravel/framework/src/Illuminate/Pipeline/Pipeline.php(126): Illuminate\\Pipeline\\Pipeline->Illuminate\\Pipeline\\{closure}()
#38 /home/gustavo/trabajo/laravel/testing_package/packages/gdelgado/quotes/vendor/laravel/framework/src/Illuminate/Foundation/Http/Kernel.php(175): Illuminate\\Pipeline\\Pipeline->then()
#39 /home/gustavo/trabajo/laravel/testing_package/packages/gdelgado/quotes/vendor/laravel/framework/src/Illuminate/Foundation/Http/Kernel.php(144): Illuminate\\Foundation\\Http\\Kernel->sendRequestThroughRouter()
#40 /home/gustavo/trabajo/laravel/testing_package/packages/gdelgado/quotes/vendor/laravel/framework/src/Illuminate/Foundation/Testing/Concerns/MakesHttpRequests.php(607): Illuminate\\Foundation\\Http\\Kernel->handle()
#41 /home/gustavo/trabajo/laravel/testing_package/packages/gdelgado/quotes/vendor/laravel/framework/src/Illuminate/Foundation/Testing/Concerns/MakesHttpRequests.php(368): Illuminate\\Foundation\\Testing\\TestCase->call()
#42 /home/gustavo/trabajo/laravel/testing_package/packages/gdelgado/quotes/tests/Feature/QuotesTest.php(16): Illuminate\\Foundation\\Testing\\TestCase->get()
#43 /home/gustavo/trabajo/laravel/testing_package/packages/gdelgado/quotes/vendor/phpunit/phpunit/src/Framework/TestCase.php(1240): Gdelgado\\Quotes\\Tests\\Feature\\QuotesTest->test_all_quotes()
#44 /home/gustavo/trabajo/laravel/testing_package/packages/gdelgado/quotes/vendor/phpunit/phpunit/src/Framework/TestCase.php(514): PHPUnit\\Framework\\TestCase->runTest()
#45 /home/gustavo/trabajo/laravel/testing_package/packages/gdelgado/quotes/vendor/phpunit/phpunit/src/Framework/TestRunner/TestRunner.php(87): PHPUnit\\Framework\\TestCase->runBare()
#46 /home/gustavo/trabajo/laravel/testing_package/packages/gdelgado/quotes/vendor/phpunit/phpunit/src/Framework/TestCase.php(361): PHPUnit\\Framework\\TestRunner->run()
#47 /home/gustavo/trabajo/laravel/testing_package/packages/gdelgado/quotes/vendor/phpunit/phpunit/src/Framework/TestSuite.php(369): PHPUnit\\Framework\\TestCase->run()
#48 /home/gustavo/trabajo/laravel/testing_package/packages/gdelgado/quotes/vendor/phpunit/phpunit/src/Framework/TestSuite.php(369): PHPUnit\\Framework\\TestSuite->run()
#49 /home/gustavo/trabajo/laravel/testing_package/packages/gdelgado/quotes/vendor/phpunit/phpunit/src/Framework/TestSuite.php(369): PHPUnit\\Framework\\TestSuite->run()
#50 /home/gustavo/trabajo/laravel/testing_package/packages/gdelgado/quotes/vendor/phpunit/phpunit/src/TextUI/TestRunner.php(64): PHPUnit\\Framework\\TestSuite->run()
#51 /home/gustavo/trabajo/laravel/testing_package/packages/gdelgado/quotes/vendor/phpunit/phpunit/src/TextUI/Application.php(210): PHPUnit\\TextUI\\TestRunner->run()
#52 /home/gustavo/trabajo/laravel/testing_package/packages/gdelgado/quotes/vendor/phpunit/phpunit/phpunit(104): PHPUnit\\TextUI\\Application->run()
#53 /home/gustavo/trabajo/laravel/testing_package/packages/gdelgado/quotes/vendor/bin/phpunit(122): include('...')
#54 {main}
"} 
[2025-03-21 11:31:40] production.ERROR: Please provide a valid cache path. {"exception":"[object] (InvalidArgumentException(code: 0): Please provide a valid cache path. at /home/gustavo/trabajo/laravel/testing_package/packages/gdelgado/quotes/vendor/laravel/framework/src/Illuminate/View/Compilers/Compiler.php:67)
[stacktrace]
#0 /home/gustavo/trabajo/laravel/testing_package/packages/gdelgado/quotes/vendor/laravel/framework/src/Illuminate/View/ViewServiceProvider.php(97): Illuminate\\View\\Compilers\\Compiler->__construct()
#1 /home/gustavo/trabajo/laravel/testing_package/packages/gdelgado/quotes/vendor/laravel/framework/src/Illuminate/Container/Container.php(1010): Illuminate\\View\\ViewServiceProvider->Illuminate\\View\\{closure}()
#2 /home/gustavo/trabajo/laravel/testing_package/packages/gdelgado/quotes/vendor/laravel/framework/src/Illuminate/Container/Container.php(890): Illuminate\\Container\\Container->build()
#3 /home/gustavo/trabajo/laravel/testing_package/packages/gdelgado/quotes/vendor/laravel/framework/src/Illuminate/Foundation/Application.php(1077): Illuminate\\Container\\Container->resolve()
#4 /home/gustavo/trabajo/laravel/testing_package/packages/gdelgado/quotes/vendor/laravel/framework/src/Illuminate/Container/Container.php(821): Illuminate\\Foundation\\Application->resolve()
#5 /home/gustavo/trabajo/laravel/testing_package/packages/gdelgado/quotes/vendor/laravel/framework/src/Illuminate/Foundation/Application.php(1057): Illuminate\\Container\\Container->make()
#6 /home/gustavo/trabajo/laravel/testing_package/packages/gdelgado/quotes/vendor/laravel/framework/src/Illuminate/View/ViewServiceProvider.php(168): Illuminate\\Foundation\\Application->make()
#7 [internal function]: Illuminate\\View\\ViewServiceProvider->Illuminate\\View\\{closure}()
#8 /home/gustavo/trabajo/laravel/testing_package/packages/gdelgado/quotes/vendor/laravel/framework/src/Illuminate/View/Engines/EngineResolver.php(55): call_user_func()
#9 /home/gustavo/trabajo/laravel/testing_package/packages/gdelgado/quotes/vendor/laravel/framework/src/Illuminate/View/Factory.php(325): Illuminate\\View\\Engines\\EngineResolver->resolve()
#10 /home/gustavo/trabajo/laravel/testing_package/packages/gdelgado/quotes/vendor/laravel/framework/src/Illuminate/View/Factory.php(287): Illuminate\\View\\Factory->getEngineFromPath()
#11 /home/gustavo/trabajo/laravel/testing_package/packages/gdelgado/quotes/vendor/laravel/framework/src/Illuminate/View/Factory.php(159): Illuminate\\View\\Factory->viewInstance()
#12 /home/gustavo/trabajo/laravel/testing_package/packages/gdelgado/quotes/vendor/laravel/framework/src/Illuminate/Routing/ResponseFactory.php(90): Illuminate\\View\\Factory->make()
#13 /home/gustavo/trabajo/laravel/testing_package/packages/gdelgado/quotes/vendor/laravel/framework/src/Illuminate/Foundation/Exceptions/Handler.php(897): Illuminate\\Routing\\ResponseFactory->view()
#14 /home/gustavo/trabajo/laravel/testing_package/packages/gdelgado/quotes/vendor/laravel/framework/src/Illuminate/Foundation/Exceptions/Handler.php(818): Illuminate\\Foundation\\Exceptions\\Handler->renderHttpException()
#15 /home/gustavo/trabajo/laravel/testing_package/packages/gdelgado/quotes/vendor/laravel/framework/src/Illuminate/Foundation/Exceptions/Handler.php(709): Illuminate\\Foundation\\Exceptions\\Handler->prepareResponse()
#16 /home/gustavo/trabajo/laravel/testing_package/packages/gdelgado/quotes/vendor/laravel/framework/src/Illuminate/Foundation/Exceptions/Handler.php(597): Illuminate\\Foundation\\Exceptions\\Handler->renderExceptionResponse()
#17 /home/gustavo/trabajo/laravel/testing_package/packages/gdelgado/quotes/vendor/laravel/framework/src/Illuminate/Routing/Pipeline.php(51): Illuminate\\Foundation\\Exceptions\\Handler->render()
#18 /home/gustavo/trabajo/laravel/testing_package/packages/gdelgado/quotes/vendor/laravel/framework/src/Illuminate/Pipeline/Pipeline.php(171): Illuminate\\Routing\\Pipeline->handleException()
#19 /home/gustavo/trabajo/laravel/testing_package/packages/gdelgado/quotes/vendor/laravel/framework/src/Illuminate/Foundation/Http/Middleware/TransformsRequest.php(21): Illuminate\\Pipeline\\Pipeline->Illuminate\\Pipeline\\{closure}()
#20 /home/gustavo/trabajo/laravel/testing_package/packages/gdelgado/quotes/vendor/laravel/framework/src/Illuminate/Foundation/Http/Middleware/ConvertEmptyStringsToNull.php(31): Illuminate\\Foundation\\Http\\Middleware\\TransformsRequest->handle()
#21 /home/gustavo/trabajo/laravel/testing_package/packages/gdelgado/quotes/vendor/laravel/framework/src/Illuminate/Pipeline/Pipeline.php(208): Illuminate\\Foundation\\Http\\Middleware\\ConvertEmptyStringsToNull->handle()
#22 /home/gustavo/trabajo/laravel/testing_package/packages/gdelgado/quotes/vendor/laravel/framework/src/Illuminate/Foundation/Http/Middleware/TransformsRequest.php(21): Illuminate\\Pipeline\\Pipeline->Illuminate\\Pipeline\\{closure}()
#23 /home/gustavo/trabajo/laravel/testing_package/packages/gdelgado/quotes/vendor/laravel/framework/src/Illuminate/Foundation/Http/Middleware/TrimStrings.php(51): Illuminate\\Foundation\\Http\\Middleware\\TransformsRequest->handle()
#24 /home/gustavo/trabajo/laravel/testing_package/packages/gdelgado/quotes/vendor/laravel/framework/src/Illuminate/Pipeline/Pipeline.php(208): Illuminate\\Foundation\\Http\\Middleware\\TrimStrings->handle()
#25 /home/gustavo/trabajo/laravel/testing_package/packages/gdelgado/quotes/vendor/laravel/framework/src/Illuminate/Http/Middleware/ValidatePostSize.php(27): Illuminate\\Pipeline\\Pipeline->Illuminate\\Pipeline\\{closure}()
#26 /home/gustavo/trabajo/laravel/testing_package/packages/gdelgado/quotes/vendor/laravel/framework/src/Illuminate/Pipeline/Pipeline.php(208): Illuminate\\Http\\Middleware\\ValidatePostSize->handle()
#27 /home/gustavo/trabajo/laravel/testing_package/packages/gdelgado/quotes/vendor/laravel/framework/src/Illuminate/Foundation/Http/Middleware/PreventRequestsDuringMaintenance.php(109): Illuminate\\Pipeline\\Pipeline->Illuminate\\Pipeline\\{closure}()
#28 /home/gustavo/trabajo/laravel/testing_package/packages/gdelgado/quotes/vendor/laravel/framework/src/Illuminate/Pipeline/Pipeline.php(208): Illuminate\\Foundation\\Http\\Middleware\\PreventRequestsDuringMaintenance->handle()
#29 /home/gustavo/trabajo/laravel/testing_package/packages/gdelgado/quotes/vendor/laravel/framework/src/Illuminate/Http/Middleware/HandleCors.php(61): Illuminate\\Pipeline\\Pipeline->Illuminate\\Pipeline\\{closure}()
#30 /home/gustavo/trabajo/laravel/testing_package/packages/gdelgado/quotes/vendor/laravel/framework/src/Illuminate/Pipeline/Pipeline.php(208): Illuminate\\Http\\Middleware\\HandleCors->handle()
#31 /home/gustavo/trabajo/laravel/testing_package/packages/gdelgado/quotes/vendor/laravel/framework/src/Illuminate/Http/Middleware/TrustProxies.php(58): Illuminate\\Pipeline\\Pipeline->Illuminate\\Pipeline\\{closure}()
#32 /home/gustavo/trabajo/laravel/testing_package/packages/gdelgado/quotes/vendor/laravel/framework/src/Illuminate/Pipeline/Pipeline.php(208): Illuminate\\Http\\Middleware\\TrustProxies->handle()
#33 /home/gustavo/trabajo/laravel/testing_package/packages/gdelgado/quotes/vendor/laravel/framework/src/Illuminate/Foundation/Http/Middleware/InvokeDeferredCallbacks.php(22): Illuminate\\Pipeline\\Pipeline->Illuminate\\Pipeline\\{closure}()
#34 /home/gustavo/trabajo/laravel/testing_package/packages/gdelgado/quotes/vendor/laravel/framework/src/Illuminate/Pipeline/Pipeline.php(208): Illuminate\\Foundation\\Http\\Middleware\\InvokeDeferredCallbacks->handle()
#35 /home/gustavo/trabajo/laravel/testing_package/packages/gdelgado/quotes/vendor/laravel/framework/src/Illuminate/Http/Middleware/ValidatePathEncoding.php(26): Illuminate\\Pipeline\\Pipeline->Illuminate\\Pipeline\\{closure}()
#36 /home/gustavo/trabajo/laravel/testing_package/packages/gdelgado/quotes/vendor/laravel/framework/src/Illuminate/Pipeline/Pipeline.php(208): Illuminate\\Http\\Middleware\\ValidatePathEncoding->handle()
#37 /home/gustavo/trabajo/laravel/testing_package/packages/gdelgado/quotes/vendor/laravel/framework/src/Illuminate/Pipeline/Pipeline.php(126): Illuminate\\Pipeline\\Pipeline->Illuminate\\Pipeline\\{closure}()
#38 /home/gustavo/trabajo/laravel/testing_package/packages/gdelgado/quotes/vendor/laravel/framework/src/Illuminate/Foundation/Http/Kernel.php(175): Illuminate\\Pipeline\\Pipeline->then()
#39 /home/gustavo/trabajo/laravel/testing_package/packages/gdelgado/quotes/vendor/laravel/framework/src/Illuminate/Foundation/Http/Kernel.php(144): Illuminate\\Foundation\\Http\\Kernel->sendRequestThroughRouter()
#40 /home/gustavo/trabajo/laravel/testing_package/packages/gdelgado/quotes/vendor/laravel/framework/src/Illuminate/Foundation/Testing/Concerns/MakesHttpRequests.php(607): Illuminate\\Foundation\\Http\\Kernel->handle()
#41 /home/gustavo/trabajo/laravel/testing_package/packages/gdelgado/quotes/vendor/laravel/framework/src/Illuminate/Foundation/Testing/Concerns/MakesHttpRequests.php(368): Illuminate\\Foundation\\Testing\\TestCase->call()
#42 /home/gustavo/trabajo/laravel/testing_package/packages/gdelgado/quotes/tests/Feature/QuotesTest.php(16): Illuminate\\Foundation\\Testing\\TestCase->get()
#43 /home/gustavo/trabajo/laravel/testing_package/packages/gdelgado/quotes/vendor/phpunit/phpunit/src/Framework/TestCase.php(1240): Gdelgado\\Quotes\\Tests\\Feature\\QuotesTest->test_all_quotes()
#44 /home/gustavo/trabajo/laravel/testing_package/packages/gdelgado/quotes/vendor/phpunit/phpunit/src/Framework/TestCase.php(514): PHPUnit\\Framework\\TestCase->runTest()
#45 /home/gustavo/trabajo/laravel/testing_package/packages/gdelgado/quotes/vendor/phpunit/phpunit/src/Framework/TestRunner/TestRunner.php(87): PHPUnit\\Framework\\TestCase->runBare()
#46 /home/gustavo/trabajo/laravel/testing_package/packages/gdelgado/quotes/vendor/phpunit/phpunit/src/Framework/TestCase.php(361): PHPUnit\\Framework\\TestRunner->run()
#47 /home/gustavo/trabajo/laravel/testing_package/packages/gdelgado/quotes/vendor/phpunit/phpunit/src/Framework/TestSuite.php(369): PHPUnit\\Framework\\TestCase->run()
#48 /home/gustavo/trabajo/laravel/testing_package/packages/gdelgado/quotes/vendor/phpunit/phpunit/src/Framework/TestSuite.php(369): PHPUnit\\Framework\\TestSuite->run()
#49 /home/gustavo/trabajo/laravel/testing_package/packages/gdelgado/quotes/vendor/phpunit/phpunit/src/Framework/TestSuite.php(369): PHPUnit\\Framework\\TestSuite->run()
#50 /home/gustavo/trabajo/laravel/testing_package/packages/gdelgado/quotes/vendor/phpunit/phpunit/src/TextUI/TestRunner.php(64): PHPUnit\\Framework\\TestSuite->run()
#51 /home/gustavo/trabajo/laravel/testing_package/packages/gdelgado/quotes/vendor/phpunit/phpunit/src/TextUI/Application.php(210): PHPUnit\\TextUI\\TestRunner->run()
#52 /home/gustavo/trabajo/laravel/testing_package/packages/gdelgado/quotes/vendor/phpunit/phpunit/phpunit(104): PHPUnit\\TextUI\\Application->run()
#53 /home/gustavo/trabajo/laravel/testing_package/packages/gdelgado/quotes/vendor/bin/phpunit(122): include('...')
#54 {main}
"} 
[2025-03-21 11:31:58] production.ERROR: Please provide a valid cache path. {"exception":"[object] (InvalidArgumentException(code: 0): Please provide a valid cache path. at /home/gustavo/trabajo/laravel/testing_package/packages/gdelgado/quotes/vendor/laravel/framework/src/Illuminate/View/Compilers/Compiler.php:67)
[stacktrace]
#0 /home/gustavo/trabajo/laravel/testing_package/packages/gdelgado/quotes/vendor/laravel/framework/src/Illuminate/View/ViewServiceProvider.php(97): Illuminate\\View\\Compilers\\Compiler->__construct()
#1 /home/gustavo/trabajo/laravel/testing_package/packages/gdelgado/quotes/vendor/laravel/framework/src/Illuminate/Container/Container.php(1010): Illuminate\\View\\ViewServiceProvider->Illuminate\\View\\{closure}()
#2 /home/gustavo/trabajo/laravel/testing_package/packages/gdelgado/quotes/vendor/laravel/framework/src/Illuminate/Container/Container.php(890): Illuminate\\Container\\Container->build()
#3 /home/gustavo/trabajo/laravel/testing_package/packages/gdelgado/quotes/vendor/laravel/framework/src/Illuminate/Foundation/Application.php(1077): Illuminate\\Container\\Container->resolve()
#4 /home/gustavo/trabajo/laravel/testing_package/packages/gdelgado/quotes/vendor/laravel/framework/src/Illuminate/Container/Container.php(821): Illuminate\\Foundation\\Application->resolve()
#5 /home/gustavo/trabajo/laravel/testing_package/packages/gdelgado/quotes/vendor/laravel/framework/src/Illuminate/Foundation/Application.php(1057): Illuminate\\Container\\Container->make()
#6 /home/gustavo/trabajo/laravel/testing_package/packages/gdelgado/quotes/vendor/laravel/framework/src/Illuminate/View/ViewServiceProvider.php(168): Illuminate\\Foundation\\Application->make()
#7 [internal function]: Illuminate\\View\\ViewServiceProvider->Illuminate\\View\\{closure}()
#8 /home/gustavo/trabajo/laravel/testing_package/packages/gdelgado/quotes/vendor/laravel/framework/src/Illuminate/View/Engines/EngineResolver.php(55): call_user_func()
#9 /home/gustavo/trabajo/laravel/testing_package/packages/gdelgado/quotes/vendor/laravel/framework/src/Illuminate/View/Factory.php(325): Illuminate\\View\\Engines\\EngineResolver->resolve()
#10 /home/gustavo/trabajo/laravel/testing_package/packages/gdelgado/quotes/vendor/laravel/framework/src/Illuminate/View/Factory.php(287): Illuminate\\View\\Factory->getEngineFromPath()
#11 /home/gustavo/trabajo/laravel/testing_package/packages/gdelgado/quotes/vendor/laravel/framework/src/Illuminate/View/Factory.php(159): Illuminate\\View\\Factory->viewInstance()
#12 /home/gustavo/trabajo/laravel/testing_package/packages/gdelgado/quotes/vendor/laravel/framework/src/Illuminate/Routing/ResponseFactory.php(90): Illuminate\\View\\Factory->make()
#13 /home/gustavo/trabajo/laravel/testing_package/packages/gdelgado/quotes/vendor/laravel/framework/src/Illuminate/Foundation/Exceptions/Handler.php(897): Illuminate\\Routing\\ResponseFactory->view()
#14 /home/gustavo/trabajo/laravel/testing_package/packages/gdelgado/quotes/vendor/laravel/framework/src/Illuminate/Foundation/Exceptions/Handler.php(818): Illuminate\\Foundation\\Exceptions\\Handler->renderHttpException()
#15 /home/gustavo/trabajo/laravel/testing_package/packages/gdelgado/quotes/vendor/laravel/framework/src/Illuminate/Foundation/Exceptions/Handler.php(709): Illuminate\\Foundation\\Exceptions\\Handler->prepareResponse()
#16 /home/gustavo/trabajo/laravel/testing_package/packages/gdelgado/quotes/vendor/laravel/framework/src/Illuminate/Foundation/Exceptions/Handler.php(597): Illuminate\\Foundation\\Exceptions\\Handler->renderExceptionResponse()
#17 /home/gustavo/trabajo/laravel/testing_package/packages/gdelgado/quotes/vendor/laravel/framework/src/Illuminate/Routing/Pipeline.php(51): Illuminate\\Foundation\\Exceptions\\Handler->render()
#18 /home/gustavo/trabajo/laravel/testing_package/packages/gdelgado/quotes/vendor/laravel/framework/src/Illuminate/Pipeline/Pipeline.php(171): Illuminate\\Routing\\Pipeline->handleException()
#19 /home/gustavo/trabajo/laravel/testing_package/packages/gdelgado/quotes/vendor/laravel/framework/src/Illuminate/Foundation/Http/Middleware/TransformsRequest.php(21): Illuminate\\Pipeline\\Pipeline->Illuminate\\Pipeline\\{closure}()
#20 /home/gustavo/trabajo/laravel/testing_package/packages/gdelgado/quotes/vendor/laravel/framework/src/Illuminate/Foundation/Http/Middleware/ConvertEmptyStringsToNull.php(31): Illuminate\\Foundation\\Http\\Middleware\\TransformsRequest->handle()
#21 /home/gustavo/trabajo/laravel/testing_package/packages/gdelgado/quotes/vendor/laravel/framework/src/Illuminate/Pipeline/Pipeline.php(208): Illuminate\\Foundation\\Http\\Middleware\\ConvertEmptyStringsToNull->handle()
#22 /home/gustavo/trabajo/laravel/testing_package/packages/gdelgado/quotes/vendor/laravel/framework/src/Illuminate/Foundation/Http/Middleware/TransformsRequest.php(21): Illuminate\\Pipeline\\Pipeline->Illuminate\\Pipeline\\{closure}()
#23 /home/gustavo/trabajo/laravel/testing_package/packages/gdelgado/quotes/vendor/laravel/framework/src/Illuminate/Foundation/Http/Middleware/TrimStrings.php(51): Illuminate\\Foundation\\Http\\Middleware\\TransformsRequest->handle()
#24 /home/gustavo/trabajo/laravel/testing_package/packages/gdelgado/quotes/vendor/laravel/framework/src/Illuminate/Pipeline/Pipeline.php(208): Illuminate\\Foundation\\Http\\Middleware\\TrimStrings->handle()
#25 /home/gustavo/trabajo/laravel/testing_package/packages/gdelgado/quotes/vendor/laravel/framework/src/Illuminate/Http/Middleware/ValidatePostSize.php(27): Illuminate\\Pipeline\\Pipeline->Illuminate\\Pipeline\\{closure}()
#26 /home/gustavo/trabajo/laravel/testing_package/packages/gdelgado/quotes/vendor/laravel/framework/src/Illuminate/Pipeline/Pipeline.php(208): Illuminate\\Http\\Middleware\\ValidatePostSize->handle()
#27 /home/gustavo/trabajo/laravel/testing_package/packages/gdelgado/quotes/vendor/laravel/framework/src/Illuminate/Foundation/Http/Middleware/PreventRequestsDuringMaintenance.php(109): Illuminate\\Pipeline\\Pipeline->Illuminate\\Pipeline\\{closure}()
#28 /home/gustavo/trabajo/laravel/testing_package/packages/gdelgado/quotes/vendor/laravel/framework/src/Illuminate/Pipeline/Pipeline.php(208): Illuminate\\Foundation\\Http\\Middleware\\PreventRequestsDuringMaintenance->handle()
#29 /home/gustavo/trabajo/laravel/testing_package/packages/gdelgado/quotes/vendor/laravel/framework/src/Illuminate/Http/Middleware/HandleCors.php(61): Illuminate\\Pipeline\\Pipeline->Illuminate\\Pipeline\\{closure}()
#30 /home/gustavo/trabajo/laravel/testing_package/packages/gdelgado/quotes/vendor/laravel/framework/src/Illuminate/Pipeline/Pipeline.php(208): Illuminate\\Http\\Middleware\\HandleCors->handle()
#31 /home/gustavo/trabajo/laravel/testing_package/packages/gdelgado/quotes/vendor/laravel/framework/src/Illuminate/Http/Middleware/TrustProxies.php(58): Illuminate\\Pipeline\\Pipeline->Illuminate\\Pipeline\\{closure}()
#32 /home/gustavo/trabajo/laravel/testing_package/packages/gdelgado/quotes/vendor/laravel/framework/src/Illuminate/Pipeline/Pipeline.php(208): Illuminate\\Http\\Middleware\\TrustProxies->handle()
#33 /home/gustavo/trabajo/laravel/testing_package/packages/gdelgado/quotes/vendor/laravel/framework/src/Illuminate/Foundation/Http/Middleware/InvokeDeferredCallbacks.php(22): Illuminate\\Pipeline\\Pipeline->Illuminate\\Pipeline\\{closure}()
#34 /home/gustavo/trabajo/laravel/testing_package/packages/gdelgado/quotes/vendor/laravel/framework/src/Illuminate/Pipeline/Pipeline.php(208): Illuminate\\Foundation\\Http\\Middleware\\InvokeDeferredCallbacks->handle()
#35 /home/gustavo/trabajo/laravel/testing_package/packages/gdelgado/quotes/vendor/laravel/framework/src/Illuminate/Http/Middleware/ValidatePathEncoding.php(26): Illuminate\\Pipeline\\Pipeline->Illuminate\\Pipeline\\{closure}()
#36 /home/gustavo/trabajo/laravel/testing_package/packages/gdelgado/quotes/vendor/laravel/framework/src/Illuminate/Pipeline/Pipeline.php(208): Illuminate\\Http\\Middleware\\ValidatePathEncoding->handle()
#37 /home/gustavo/trabajo/laravel/testing_package/packages/gdelgado/quotes/vendor/laravel/framework/src/Illuminate/Pipeline/Pipeline.php(126): Illuminate\\Pipeline\\Pipeline->Illuminate\\Pipeline\\{closure}()
#38 /home/gustavo/trabajo/laravel/testing_package/packages/gdelgado/quotes/vendor/laravel/framework/src/Illuminate/Foundation/Http/Kernel.php(175): Illuminate\\Pipeline\\Pipeline->then()
#39 /home/gustavo/trabajo/laravel/testing_package/packages/gdelgado/quotes/vendor/laravel/framework/src/Illuminate/Foundation/Http/Kernel.php(144): Illuminate\\Foundation\\Http\\Kernel->sendRequestThroughRouter()
#40 /home/gustavo/trabajo/laravel/testing_package/packages/gdelgado/quotes/vendor/laravel/framework/src/Illuminate/Foundation/Testing/Concerns/MakesHttpRequests.php(607): Illuminate\\Foundation\\Http\\Kernel->handle()
#41 /home/gustavo/trabajo/laravel/testing_package/packages/gdelgado/quotes/vendor/laravel/framework/src/Illuminate/Foundation/Testing/Concerns/MakesHttpRequests.php(368): Illuminate\\Foundation\\Testing\\TestCase->call()
#42 /home/gustavo/trabajo/laravel/testing_package/packages/gdelgado/quotes/tests/Feature/QuotesTest.php(16): Illuminate\\Foundation\\Testing\\TestCase->get()
#43 /home/gustavo/trabajo/laravel/testing_package/packages/gdelgado/quotes/vendor/phpunit/phpunit/src/Framework/TestCase.php(1240): Gdelgado\\Quotes\\Tests\\Feature\\QuotesTest->test_all_quotes()
#44 /home/gustavo/trabajo/laravel/testing_package/packages/gdelgado/quotes/vendor/phpunit/phpunit/src/Framework/TestCase.php(514): PHPUnit\\Framework\\TestCase->runTest()
#45 /home/gustavo/trabajo/laravel/testing_package/packages/gdelgado/quotes/vendor/phpunit/phpunit/src/Framework/TestRunner/TestRunner.php(87): PHPUnit\\Framework\\TestCase->runBare()
#46 /home/gustavo/trabajo/laravel/testing_package/packages/gdelgado/quotes/vendor/phpunit/phpunit/src/Framework/TestCase.php(361): PHPUnit\\Framework\\TestRunner->run()
#47 /home/gustavo/trabajo/laravel/testing_package/packages/gdelgado/quotes/vendor/phpunit/phpunit/src/Framework/TestSuite.php(369): PHPUnit\\Framework\\TestCase->run()
#48 /home/gustavo/trabajo/laravel/testing_package/packages/gdelgado/quotes/vendor/phpunit/phpunit/src/Framework/TestSuite.php(369): PHPUnit\\Framework\\TestSuite->run()
#49 /home/gustavo/trabajo/laravel/testing_package/packages/gdelgado/quotes/vendor/phpunit/phpunit/src/Framework/TestSuite.php(369): PHPUnit\\Framework\\TestSuite->run()
#50 /home/gustavo/trabajo/laravel/testing_package/packages/gdelgado/quotes/vendor/phpunit/phpunit/src/TextUI/TestRunner.php(64): PHPUnit\\Framework\\TestSuite->run()
#51 /home/gustavo/trabajo/laravel/testing_package/packages/gdelgado/quotes/vendor/phpunit/phpunit/src/TextUI/Application.php(210): PHPUnit\\TextUI\\TestRunner->run()
#52 /home/gustavo/trabajo/laravel/testing_package/packages/gdelgado/quotes/vendor/phpunit/phpunit/phpunit(104): PHPUnit\\TextUI\\Application->run()
#53 /home/gustavo/trabajo/laravel/testing_package/packages/gdelgado/quotes/vendor/bin/phpunit(122): include('...')
#54 {main}
"} 
[2025-03-21 11:32:47] production.ERROR: Please provide a valid cache path. {"exception":"[object] (InvalidArgumentException(code: 0): Please provide a valid cache path. at /home/gustavo/trabajo/laravel/testing_package/packages/gdelgado/quotes/vendor/laravel/framework/src/Illuminate/View/Compilers/Compiler.php:67)
[stacktrace]
#0 /home/gustavo/trabajo/laravel/testing_package/packages/gdelgado/quotes/vendor/laravel/framework/src/Illuminate/View/ViewServiceProvider.php(97): Illuminate\\View\\Compilers\\Compiler->__construct()
#1 /home/gustavo/trabajo/laravel/testing_package/packages/gdelgado/quotes/vendor/laravel/framework/src/Illuminate/Container/Container.php(1010): Illuminate\\View\\ViewServiceProvider->Illuminate\\View\\{closure}()
#2 /home/gustavo/trabajo/laravel/testing_package/packages/gdelgado/quotes/vendor/laravel/framework/src/Illuminate/Container/Container.php(890): Illuminate\\Container\\Container->build()
#3 /home/gustavo/trabajo/laravel/testing_package/packages/gdelgado/quotes/vendor/laravel/framework/src/Illuminate/Foundation/Application.php(1077): Illuminate\\Container\\Container->resolve()
#4 /home/gustavo/trabajo/laravel/testing_package/packages/gdelgado/quotes/vendor/laravel/framework/src/Illuminate/Container/Container.php(821): Illuminate\\Foundation\\Application->resolve()
#5 /home/gustavo/trabajo/laravel/testing_package/packages/gdelgado/quotes/vendor/laravel/framework/src/Illuminate/Foundation/Application.php(1057): Illuminate\\Container\\Container->make()
#6 /home/gustavo/trabajo/laravel/testing_package/packages/gdelgado/quotes/vendor/laravel/framework/src/Illuminate/View/ViewServiceProvider.php(168): Illuminate\\Foundation\\Application->make()
#7 [internal function]: Illuminate\\View\\ViewServiceProvider->Illuminate\\View\\{closure}()
#8 /home/gustavo/trabajo/laravel/testing_package/packages/gdelgado/quotes/vendor/laravel/framework/src/Illuminate/View/Engines/EngineResolver.php(55): call_user_func()
#9 /home/gustavo/trabajo/laravel/testing_package/packages/gdelgado/quotes/vendor/laravel/framework/src/Illuminate/View/Factory.php(325): Illuminate\\View\\Engines\\EngineResolver->resolve()
#10 /home/gustavo/trabajo/laravel/testing_package/packages/gdelgado/quotes/vendor/laravel/framework/src/Illuminate/View/Factory.php(287): Illuminate\\View\\Factory->getEngineFromPath()
#11 /home/gustavo/trabajo/laravel/testing_package/packages/gdelgado/quotes/vendor/laravel/framework/src/Illuminate/View/Factory.php(159): Illuminate\\View\\Factory->viewInstance()
#12 /home/gustavo/trabajo/laravel/testing_package/packages/gdelgado/quotes/vendor/laravel/framework/src/Illuminate/Routing/ResponseFactory.php(90): Illuminate\\View\\Factory->make()
#13 /home/gustavo/trabajo/laravel/testing_package/packages/gdelgado/quotes/vendor/laravel/framework/src/Illuminate/Foundation/Exceptions/Handler.php(897): Illuminate\\Routing\\ResponseFactory->view()
#14 /home/gustavo/trabajo/laravel/testing_package/packages/gdelgado/quotes/vendor/laravel/framework/src/Illuminate/Foundation/Exceptions/Handler.php(818): Illuminate\\Foundation\\Exceptions\\Handler->renderHttpException()
#15 /home/gustavo/trabajo/laravel/testing_package/packages/gdelgado/quotes/vendor/laravel/framework/src/Illuminate/Foundation/Exceptions/Handler.php(709): Illuminate\\Foundation\\Exceptions\\Handler->prepareResponse()
#16 /home/gustavo/trabajo/laravel/testing_package/packages/gdelgado/quotes/vendor/laravel/framework/src/Illuminate/Foundation/Exceptions/Handler.php(597): Illuminate\\Foundation\\Exceptions\\Handler->renderExceptionResponse()
#17 /home/gustavo/trabajo/laravel/testing_package/packages/gdelgado/quotes/vendor/laravel/framework/src/Illuminate/Routing/Pipeline.php(51): Illuminate\\Foundation\\Exceptions\\Handler->render()
#18 /home/gustavo/trabajo/laravel/testing_package/packages/gdelgado/quotes/vendor/laravel/framework/src/Illuminate/Pipeline/Pipeline.php(171): Illuminate\\Routing\\Pipeline->handleException()
#19 /home/gustavo/trabajo/laravel/testing_package/packages/gdelgado/quotes/vendor/laravel/framework/src/Illuminate/Foundation/Http/Middleware/TransformsRequest.php(21): Illuminate\\Pipeline\\Pipeline->Illuminate\\Pipeline\\{closure}()
#20 /home/gustavo/trabajo/laravel/testing_package/packages/gdelgado/quotes/vendor/laravel/framework/src/Illuminate/Foundation/Http/Middleware/ConvertEmptyStringsToNull.php(31): Illuminate\\Foundation\\Http\\Middleware\\TransformsRequest->handle()
#21 /home/gustavo/trabajo/laravel/testing_package/packages/gdelgado/quotes/vendor/laravel/framework/src/Illuminate/Pipeline/Pipeline.php(208): Illuminate\\Foundation\\Http\\Middleware\\ConvertEmptyStringsToNull->handle()
#22 /home/gustavo/trabajo/laravel/testing_package/packages/gdelgado/quotes/vendor/laravel/framework/src/Illuminate/Foundation/Http/Middleware/TransformsRequest.php(21): Illuminate\\Pipeline\\Pipeline->Illuminate\\Pipeline\\{closure}()
#23 /home/gustavo/trabajo/laravel/testing_package/packages/gdelgado/quotes/vendor/laravel/framework/src/Illuminate/Foundation/Http/Middleware/TrimStrings.php(51): Illuminate\\Foundation\\Http\\Middleware\\TransformsRequest->handle()
#24 /home/gustavo/trabajo/laravel/testing_package/packages/gdelgado/quotes/vendor/laravel/framework/src/Illuminate/Pipeline/Pipeline.php(208): Illuminate\\Foundation\\Http\\Middleware\\TrimStrings->handle()
#25 /home/gustavo/trabajo/laravel/testing_package/packages/gdelgado/quotes/vendor/laravel/framework/src/Illuminate/Http/Middleware/ValidatePostSize.php(27): Illuminate\\Pipeline\\Pipeline->Illuminate\\Pipeline\\{closure}()
#26 /home/gustavo/trabajo/laravel/testing_package/packages/gdelgado/quotes/vendor/laravel/framework/src/Illuminate/Pipeline/Pipeline.php(208): Illuminate\\Http\\Middleware\\ValidatePostSize->handle()
#27 /home/gustavo/trabajo/laravel/testing_package/packages/gdelgado/quotes/vendor/laravel/framework/src/Illuminate/Foundation/Http/Middleware/PreventRequestsDuringMaintenance.php(109): Illuminate\\Pipeline\\Pipeline->Illuminate\\Pipeline\\{closure}()
#28 /home/gustavo/trabajo/laravel/testing_package/packages/gdelgado/quotes/vendor/laravel/framework/src/Illuminate/Pipeline/Pipeline.php(208): Illuminate\\Foundation\\Http\\Middleware\\PreventRequestsDuringMaintenance->handle()
#29 /home/gustavo/trabajo/laravel/testing_package/packages/gdelgado/quotes/vendor/laravel/framework/src/Illuminate/Http/Middleware/HandleCors.php(61): Illuminate\\Pipeline\\Pipeline->Illuminate\\Pipeline\\{closure}()
#30 /home/gustavo/trabajo/laravel/testing_package/packages/gdelgado/quotes/vendor/laravel/framework/src/Illuminate/Pipeline/Pipeline.php(208): Illuminate\\Http\\Middleware\\HandleCors->handle()
#31 /home/gustavo/trabajo/laravel/testing_package/packages/gdelgado/quotes/vendor/laravel/framework/src/Illuminate/Http/Middleware/TrustProxies.php(58): Illuminate\\Pipeline\\Pipeline->Illuminate\\Pipeline\\{closure}()
#32 /home/gustavo/trabajo/laravel/testing_package/packages/gdelgado/quotes/vendor/laravel/framework/src/Illuminate/Pipeline/Pipeline.php(208): Illuminate\\Http\\Middleware\\TrustProxies->handle()
#33 /home/gustavo/trabajo/laravel/testing_package/packages/gdelgado/quotes/vendor/laravel/framework/src/Illuminate/Foundation/Http/Middleware/InvokeDeferredCallbacks.php(22): Illuminate\\Pipeline\\Pipeline->Illuminate\\Pipeline\\{closure}()
#34 /home/gustavo/trabajo/laravel/testing_package/packages/gdelgado/quotes/vendor/laravel/framework/src/Illuminate/Pipeline/Pipeline.php(208): Illuminate\\Foundation\\Http\\Middleware\\InvokeDeferredCallbacks->handle()
#35 /home/gustavo/trabajo/laravel/testing_package/packages/gdelgado/quotes/vendor/laravel/framework/src/Illuminate/Http/Middleware/ValidatePathEncoding.php(26): Illuminate\\Pipeline\\Pipeline->Illuminate\\Pipeline\\{closure}()
#36 /home/gustavo/trabajo/laravel/testing_package/packages/gdelgado/quotes/vendor/laravel/framework/src/Illuminate/Pipeline/Pipeline.php(208): Illuminate\\Http\\Middleware\\ValidatePathEncoding->handle()
#37 /home/gustavo/trabajo/laravel/testing_package/packages/gdelgado/quotes/vendor/laravel/framework/src/Illuminate/Pipeline/Pipeline.php(126): Illuminate\\Pipeline\\Pipeline->Illuminate\\Pipeline\\{closure}()
#38 /home/gustavo/trabajo/laravel/testing_package/packages/gdelgado/quotes/vendor/laravel/framework/src/Illuminate/Foundation/Http/Kernel.php(175): Illuminate\\Pipeline\\Pipeline->then()
#39 /home/gustavo/trabajo/laravel/testing_package/packages/gdelgado/quotes/vendor/laravel/framework/src/Illuminate/Foundation/Http/Kernel.php(144): Illuminate\\Foundation\\Http\\Kernel->sendRequestThroughRouter()
#40 /home/gustavo/trabajo/laravel/testing_package/packages/gdelgado/quotes/vendor/laravel/framework/src/Illuminate/Foundation/Testing/Concerns/MakesHttpRequests.php(607): Illuminate\\Foundation\\Http\\Kernel->handle()
#41 /home/gustavo/trabajo/laravel/testing_package/packages/gdelgado/quotes/vendor/laravel/framework/src/Illuminate/Foundation/Testing/Concerns/MakesHttpRequests.php(368): Illuminate\\Foundation\\Testing\\TestCase->call()
#42 /home/gustavo/trabajo/laravel/testing_package/packages/gdelgado/quotes/tests/Feature/QuotesTest.php(16): Illuminate\\Foundation\\Testing\\TestCase->get()
#43 /home/gustavo/trabajo/laravel/testing_package/packages/gdelgado/quotes/vendor/phpunit/phpunit/src/Framework/TestCase.php(1240): Gdelgado\\Quotes\\Tests\\Feature\\QuotesTest->test_all_quotes()
#44 /home/gustavo/trabajo/laravel/testing_package/packages/gdelgado/quotes/vendor/phpunit/phpunit/src/Framework/TestCase.php(514): PHPUnit\\Framework\\TestCase->runTest()
#45 /home/gustavo/trabajo/laravel/testing_package/packages/gdelgado/quotes/vendor/phpunit/phpunit/src/Framework/TestRunner/TestRunner.php(87): PHPUnit\\Framework\\TestCase->runBare()
#46 /home/gustavo/trabajo/laravel/testing_package/packages/gdelgado/quotes/vendor/phpunit/phpunit/src/Framework/TestCase.php(361): PHPUnit\\Framework\\TestRunner->run()
#47 /home/gustavo/trabajo/laravel/testing_package/packages/gdelgado/quotes/vendor/phpunit/phpunit/src/Framework/TestSuite.php(369): PHPUnit\\Framework\\TestCase->run()
#48 /home/gustavo/trabajo/laravel/testing_package/packages/gdelgado/quotes/vendor/phpunit/phpunit/src/Framework/TestSuite.php(369): PHPUnit\\Framework\\TestSuite->run()
#49 /home/gustavo/trabajo/laravel/testing_package/packages/gdelgado/quotes/vendor/phpunit/phpunit/src/Framework/TestSuite.php(369): PHPUnit\\Framework\\TestSuite->run()
#50 /home/gustavo/trabajo/laravel/testing_package/packages/gdelgado/quotes/vendor/phpunit/phpunit/src/TextUI/TestRunner.php(64): PHPUnit\\Framework\\TestSuite->run()
#51 /home/gustavo/trabajo/laravel/testing_package/packages/gdelgado/quotes/vendor/phpunit/phpunit/src/TextUI/Application.php(210): PHPUnit\\TextUI\\TestRunner->run()
#52 /home/gustavo/trabajo/laravel/testing_package/packages/gdelgado/quotes/vendor/phpunit/phpunit/phpunit(104): PHPUnit\\TextUI\\Application->run()
#53 /home/gustavo/trabajo/laravel/testing_package/packages/gdelgado/quotes/vendor/bin/phpunit(122): include('...')
#54 {main}
"} 
